{"api":"NODE SERVER","label":"uygulama V1","level":"\u001b[32minfo\u001b[39m","message":"Error Could not connect to any servers in your MongoDB Atlas cluster. One common reason is that you're trying to access the database from an IP that isn't whitelisted. Make sure your current IP address is on your Atlas cluster's IP whitelist: https://docs.atlas.mongodb.com/security-whitelist/","timestamp":"2022-08-17T08:35:58.164Z"}
{"api":"NODE SERVER","label":"uygulama V1","level":"\u001b[32minfo\u001b[39m","message":"connected To do Mongo Db","timestamp":"2022-08-17T08:36:40.119Z"}
{"api":"NODE SERVER","label":"uygulama V1","level":"\u001b[32minfo\u001b[39m","message":"\n        IP Adresi : ::1 - \n        PATH: /api/v1/titles/all - \n        BODY : {} - \n        PARAMS : {} - \n        QUERY: {} -\n        MIDDLEWARE ACCESS TIME : 1660725401502 - \n        URL : /api/v1/titles/all\n        ","timestamp":"2022-08-17T08:36:41.502Z"}
{"api":"NODE SERVER","label":"uygulama V1","level":"\u001b[32minfo\u001b[39m","message":"connected To do Mongo Db","timestamp":"2022-08-17T08:37:12.453Z"}
{"api":"NODE SERVER","label":"uygulama V1","level":"\u001b[32minfo\u001b[39m","message":"connected To do Mongo Db","timestamp":"2022-08-17T08:38:37.194Z"}
{"api":"NODE SERVER","label":"uygulama V1","level":"\u001b[32minfo\u001b[39m","message":"\n        IP Adresi : ::1 - \n        PATH: /api/v1/titles/all - \n        BODY : {} - \n        PARAMS : {} - \n        QUERY: {} -\n        MIDDLEWARE ACCESS TIME : 1660725528616 - \n        URL : /api/v1/titles/all\n        ","timestamp":"2022-08-17T08:38:48.616Z"}
{"api":"NODE SERVER","label":"uygulama V1","level":"\u001b[32minfo\u001b[39m","message":"connected To do Mongo Db","timestamp":"2022-08-17T08:41:45.306Z"}
{"api":"NODE SERVER","label":"uygulama V1","level":"\u001b[32minfo\u001b[39m","message":"connected To do Mongo Db","timestamp":"2022-08-17T08:42:30.792Z"}
{"api":"NODE SERVER","label":"uygulama V1","level":"\u001b[32minfo\u001b[39m","message":"connected To do Mongo Db","timestamp":"2022-08-17T08:42:54.976Z"}
{"api":"NODE SERVER","label":"uygulama V1","level":"\u001b[32minfo\u001b[39m","message":"connected To do Mongo Db","timestamp":"2022-08-17T08:43:14.138Z"}
{"api":"NODE SERVER","label":"uygulama V1","level":"\u001b[32minfo\u001b[39m","message":"\n        IP Adresi : ::1 - \n        PATH: /api/v1/titles/all - \n        BODY : {} - \n        PARAMS : {} - \n        QUERY: {} -\n        MIDDLEWARE ACCESS TIME : 1660725794300 - \n        URL : /api/v1/titles/all\n        ","timestamp":"2022-08-17T08:43:14.300Z"}
{"api":"NODE SERVER","label":"uygulama V1","level":"\u001b[32minfo\u001b[39m","message":"\n        IP Adresi : ::1 - \n        PATH: /api/v1/person/signIn - \n        BODY : {} - \n        PARAMS : {} - \n        QUERY: {} -\n        MIDDLEWARE ACCESS TIME : 1660725804012 - \n        URL : /api/v1/person/signIn\n        ","timestamp":"2022-08-17T08:43:24.012Z"}
{"api":"NODE SERVER","label":"uygulama V1","level":"\u001b[32minfo\u001b[39m","message":"\n        IP Adresi : ::1 - \n        PATH: /api/v1/person/signIn - \n        BODY : {} - \n        PARAMS : {} - \n        QUERY: {} -\n        MIDDLEWARE ACCESS TIME : 1660725807578 - \n        URL : /api/v1/person/signIn\n        ","timestamp":"2022-08-17T08:43:27.578Z"}
{"api":"NODE SERVER","label":"uygulama V1","level":"\u001b[32minfo\u001b[39m","message":"connected To do Mongo Db","timestamp":"2022-08-17T08:44:02.340Z"}
{"api":"NODE SERVER","label":"uygulama V1","level":"\u001b[32minfo\u001b[39m","message":"\n        IP Adresi : ::1 - \n        PATH: /api/v1/auth/signIn - \n        BODY : {} - \n        PARAMS : {} - \n        QUERY: {} -\n        MIDDLEWARE ACCESS TIME : 1660725852096 - \n        URL : /api/v1/auth/signIn\n        ","timestamp":"2022-08-17T08:44:12.096Z"}
{"api":"NODE SERVER","label":"uygulama V1","level":"\u001b[32minfo\u001b[39m","message":"\n        IP Adresi : ::1 - \n        PATH: /api/v1/auth/signIn - \n        BODY : {} - \n        PARAMS : {} - \n        QUERY: {} -\n        MIDDLEWARE ACCESS TIME : 1660725856260 - \n        URL : /api/v1/auth/signIn\n        ","timestamp":"2022-08-17T08:44:16.260Z"}
{"api":"NODE SERVER","label":"uygulama V1","level":"\u001b[32minfo\u001b[39m","message":"\n        IP Adresi : ::1 - \n        PATH: /api/v1/auth/signIn - \n        BODY : {} - \n        PARAMS : {} - \n        QUERY: {} -\n        MIDDLEWARE ACCESS TIME : 1660725867052 - \n        URL : /api/v1/auth/signIn\n        ","timestamp":"2022-08-17T08:44:27.052Z"}
{"api":"NODE SERVER","label":"uygulama V1","level":"\u001b[32minfo\u001b[39m","message":"\n        IP Adresi : ::1 - \n        PATH: /api/v1/auth/signIn - \n        BODY : {} - \n        PARAMS : {} - \n        QUERY: {} -\n        MIDDLEWARE ACCESS TIME : 1660725872917 - \n        URL : /api/v1/auth/signIn\n        ","timestamp":"2022-08-17T08:44:32.917Z"}
{"api":"NODE SERVER","label":"uygulama V1","level":"\u001b[32minfo\u001b[39m","message":"connected To do Mongo Db","timestamp":"2022-08-17T08:44:45.883Z"}
{"api":"NODE SERVER","label":"uygulama V1","level":"\u001b[32minfo\u001b[39m","message":"\n        IP Adresi : ::1 - \n        PATH: /api/v1/auth/signIn - \n        BODY : {} - \n        PARAMS : {} - \n        QUERY: {} -\n        MIDDLEWARE ACCESS TIME : 1660725889466 - \n        URL : /api/v1/auth/signIn\n        ","timestamp":"2022-08-17T08:44:49.466Z"}
{"api":"NODE SERVER","label":"uygulama V1","level":"\u001b[32minfo\u001b[39m","message":"\n        IP Adresi : ::1 - \n        PATH: /api/v1/auth/signIn - \n        BODY : {} - \n        PARAMS : {} - \n        QUERY: {} -\n        MIDDLEWARE ACCESS TIME : 1660725891927 - \n        URL : /api/v1/auth/signIn\n        ","timestamp":"2022-08-17T08:44:51.927Z"}
{"api":"NODE SERVER","label":"uygulama V1","level":"\u001b[32minfo\u001b[39m","message":"\n        IP Adresi : ::1 - \n        PATH: /api/v1/auth/signIn - \n        BODY : {} - \n        PARAMS : {} - \n        QUERY: {} -\n        MIDDLEWARE ACCESS TIME : 1660725894709 - \n        URL : /api/v1/auth/signIn\n        ","timestamp":"2022-08-17T08:44:54.709Z"}
{"api":"NODE SERVER","label":"uygulama V1","level":"\u001b[32minfo\u001b[39m","message":"\n        IP Adresi : ::1 - \n        PATH: /api/v1/auth/signIn - \n        BODY : {} - \n        PARAMS : {} - \n        QUERY: {} -\n        MIDDLEWARE ACCESS TIME : 1660725920596 - \n        URL : /api/v1/auth/signIn\n        ","timestamp":"2022-08-17T08:45:20.596Z"}
{"api":"NODE SERVER","label":"uygulama V1","level":"\u001b[32minfo\u001b[39m","message":"\n        IP Adresi : ::1 - \n        PATH: /api/v1/auth/signIn - \n        BODY : {} - \n        PARAMS : {} - \n        QUERY: {} -\n        MIDDLEWARE ACCESS TIME : 1660725944895 - \n        URL : /api/v1/auth/signIn\n        ","timestamp":"2022-08-17T08:45:44.895Z"}
{"api":"NODE SERVER","label":"uygulama V1","level":"\u001b[32minfo\u001b[39m","message":"\n        IP Adresi : ::1 - \n        PATH: /auth/signIn - \n        BODY : {} - \n        PARAMS : {} - \n        QUERY: {} -\n        MIDDLEWARE ACCESS TIME : 1660725971412 - \n        URL : /auth/signIn\n        ","timestamp":"2022-08-17T08:46:11.412Z"}
{"api":"NODE SERVER","label":"uygulama V1","level":"\u001b[32minfo\u001b[39m","message":"\n        IP Adresi : ::1 - \n        PATH: /api/v1/signIn - \n        BODY : {} - \n        PARAMS : {} - \n        QUERY: {} -\n        MIDDLEWARE ACCESS TIME : 1660726004002 - \n        URL : /api/v1/signIn\n        ","timestamp":"2022-08-17T08:46:44.002Z"}
{"api":"NODE SERVER","label":"uygulama V1","level":"\u001b[32minfo\u001b[39m","message":"\n        IP Adresi : ::1 - \n        PATH: /api/v1/signIn - \n        BODY : {} - \n        PARAMS : {} - \n        QUERY: {} -\n        MIDDLEWARE ACCESS TIME : 1660726007799 - \n        URL : /api/v1/signIn\n        ","timestamp":"2022-08-17T08:46:47.799Z"}
{"api":"NODE SERVER","label":"uygulama V1","level":"\u001b[32minfo\u001b[39m","message":"\n        IP Adresi : ::1 - \n        PATH: /api/v1/signIn - \n        BODY : {} - \n        PARAMS : {} - \n        QUERY: {} -\n        MIDDLEWARE ACCESS TIME : 1660726012743 - \n        URL : /api/v1/signIn\n        ","timestamp":"2022-08-17T08:46:52.743Z"}
{"api":"NODE SERVER","label":"uygulama V1","level":"\u001b[32minfo\u001b[39m","message":"\n        IP Adresi : ::1 - \n        PATH: /api/v1/signIn - \n        BODY : {} - \n        PARAMS : {} - \n        QUERY: {} -\n        MIDDLEWARE ACCESS TIME : 1660726015130 - \n        URL : /api/v1/signIn\n        ","timestamp":"2022-08-17T08:46:55.130Z"}
{"api":"NODE SERVER","label":"uygulama V1","level":"\u001b[32minfo\u001b[39m","message":"connected To do Mongo Db","timestamp":"2022-08-17T08:47:14.747Z"}
{"api":"NODE SERVER","label":"uygulama V1","level":"\u001b[32minfo\u001b[39m","message":"\n        IP Adresi : ::1 - \n        PATH: /api/v1/signIn - \n        BODY : {} - \n        PARAMS : {} - \n        QUERY: {} -\n        MIDDLEWARE ACCESS TIME : 1660726035334 - \n        URL : /api/v1/signIn\n        ","timestamp":"2022-08-17T08:47:15.334Z"}
{"api":"NODE SERVER","label":"uygulama V1","level":"\u001b[32minfo\u001b[39m","message":"connected To do Mongo Db","timestamp":"2022-08-17T08:47:28.915Z"}
{"api":"NODE SERVER","label":"uygulama V1","level":"\u001b[32minfo\u001b[39m","message":"\n        IP Adresi : ::1 - \n        PATH: /api/v1/signIn - \n        BODY : {} - \n        PARAMS : {} - \n        QUERY: {} -\n        MIDDLEWARE ACCESS TIME : 1660726050842 - \n        URL : /api/v1/signIn\n        ","timestamp":"2022-08-17T08:47:30.842Z"}
{"api":"NODE SERVER","label":"uygulama V1","level":"\u001b[32minfo\u001b[39m","message":"connected To do Mongo Db","timestamp":"2022-08-17T08:47:39.381Z"}
{"api":"NODE SERVER","label":"uygulama V1","level":"\u001b[32minfo\u001b[39m","message":"\n        IP Adresi : ::1 - \n        PATH: /api/v1/signIn - \n        BODY : {} - \n        PARAMS : {} - \n        QUERY: {} -\n        MIDDLEWARE ACCESS TIME : 1660726059861 - \n        URL : /api/v1/signIn\n        ","timestamp":"2022-08-17T08:47:39.861Z"}
{"api":"NODE SERVER","label":"uygulama V1","level":"\u001b[32minfo\u001b[39m","message":"connected To do Mongo Db","timestamp":"2022-08-17T08:47:57.422Z"}
{"api":"NODE SERVER","label":"uygulama V1","level":"\u001b[32minfo\u001b[39m","message":"connected To do Mongo Db","timestamp":"2022-08-17T08:48:02.758Z"}
{"api":"NODE SERVER","label":"uygulama V1","level":"\u001b[32minfo\u001b[39m","message":"connected To do Mongo Db","timestamp":"2022-08-17T08:48:10.597Z"}
{"api":"NODE SERVER","label":"uygulama V1","level":"\u001b[32minfo\u001b[39m","message":"\n        IP Adresi : ::1 - \n        PATH: /api/v1/signIn - \n        BODY : {} - \n        PARAMS : {} - \n        QUERY: {} -\n        MIDDLEWARE ACCESS TIME : 1660726145020 - \n        URL : /api/v1/signIn\n        ","timestamp":"2022-08-17T08:49:05.020Z"}
{"api":"NODE SERVER","label":"uygulama V1","level":"\u001b[32minfo\u001b[39m","message":"\n        IP Adresi : ::1 - \n        PATH: /api/v1/person/create - \n        BODY : {} - \n        PARAMS : {} - \n        QUERY: {} -\n        MIDDLEWARE ACCESS TIME : 1660726154962 - \n        URL : /api/v1/person/create\n        ","timestamp":"2022-08-17T08:49:14.962Z"}
{"api":"NODE SERVER","label":"uygulama V1","level":"\u001b[32minfo\u001b[39m","message":"\n        IP Adresi : ::1 - \n        PATH: /api/v1/person/signIn - \n        BODY : {} - \n        PARAMS : {} - \n        QUERY: {} -\n        MIDDLEWARE ACCESS TIME : 1660726164842 - \n        URL : /api/v1/person/signIn\n        ","timestamp":"2022-08-17T08:49:24.842Z"}
{"api":"NODE SERVER","label":"uygulama V1","level":"\u001b[32minfo\u001b[39m","message":"connected To do Mongo Db","timestamp":"2022-08-17T08:51:40.148Z"}
{"api":"NODE SERVER","label":"uygulama V1","level":"\u001b[32minfo\u001b[39m","message":"connected To do Mongo Db","timestamp":"2022-08-17T08:52:25.595Z"}
{"api":"NODE SERVER","label":"uygulama V1","level":"\u001b[32minfo\u001b[39m","message":"connected To do Mongo Db","timestamp":"2022-08-17T08:53:00.046Z"}
{"api":"NODE SERVER","label":"uygulama V1","level":"\u001b[32minfo\u001b[39m","message":"connected To do Mongo Db","timestamp":"2022-08-17T08:53:13.282Z"}
{"api":"NODE SERVER","label":"uygulama V1","level":"\u001b[32minfo\u001b[39m","message":"connected To do Mongo Db","timestamp":"2022-08-17T08:53:23.549Z"}
{"api":"NODE SERVER","label":"uygulama V1","level":"\u001b[32minfo\u001b[39m","message":"connected To do Mongo Db","timestamp":"2022-08-17T08:53:57.892Z"}
{"api":"NODE SERVER","label":"uygulama V1","level":"\u001b[32minfo\u001b[39m","message":"connected To do Mongo Db","timestamp":"2022-08-17T08:54:10.666Z"}
{"api":"NODE SERVER","label":"uygulama V1","level":"\u001b[32minfo\u001b[39m","message":"connected To do Mongo Db","timestamp":"2022-08-17T08:55:02.297Z"}
{"api":"NODE SERVER","label":"uygulama V1","level":"\u001b[32minfo\u001b[39m","message":"connected To do Mongo Db","timestamp":"2022-08-17T08:55:22.960Z"}
{"api":"NODE SERVER","label":"uygulama V1","level":"\u001b[32minfo\u001b[39m","message":"connected To do Mongo Db","timestamp":"2022-08-17T08:55:40.662Z"}
{"api":"NODE SERVER","label":"uygulama V1","level":"\u001b[32minfo\u001b[39m","message":"connected To do Mongo Db","timestamp":"2022-08-17T08:56:12.752Z"}
{"api":"NODE SERVER","label":"uygulama V1","level":"\u001b[32minfo\u001b[39m","message":"connected To do Mongo Db","timestamp":"2022-08-17T08:56:29.762Z"}
{"api":"NODE SERVER","label":"uygulama V1","level":"\u001b[32minfo\u001b[39m","message":"connected To do Mongo Db","timestamp":"2022-08-17T08:56:47.060Z"}
{"api":"NODE SERVER","label":"uygulama V1","level":"\u001b[32minfo\u001b[39m","message":"connected To do Mongo Db","timestamp":"2022-08-17T08:57:08.860Z"}
{"api":"NODE SERVER","label":"uygulama V1","level":"\u001b[32minfo\u001b[39m","message":"connected To do Mongo Db","timestamp":"2022-08-17T08:57:25.662Z"}
{"api":"NODE SERVER","label":"uygulama V1","level":"\u001b[32minfo\u001b[39m","message":"connected To do Mongo Db","timestamp":"2022-08-17T08:57:35.219Z"}
{"api":"NODE SERVER","label":"uygulama V1","level":"\u001b[32minfo\u001b[39m","message":"connected To do Mongo Db","timestamp":"2022-08-17T08:57:40.815Z"}
{"api":"NODE SERVER","label":"uygulama V1","level":"\u001b[32minfo\u001b[39m","message":"\n        IP Adresi : ::1 - \n        PATH: /api/v1/person/signIn - \n        BODY : {\"email\":\"test@gmail.com\",\"password\":\"12345678910\"} - \n        PARAMS : {} - \n        QUERY: {} -\n        MIDDLEWARE ACCESS TIME : 1660726812621 - \n        URL : /api/v1/person/signIn\n        ","timestamp":"2022-08-17T09:00:12.621Z"}
{"api":"NODE SERVER","label":"uygulama V1","level":"\u001b[32minfo\u001b[39m","message":"connected To do Mongo Db","timestamp":"2022-08-17T09:01:05.317Z"}
{"api":"NODE SERVER","label":"uygulama V1","level":"\u001b[32minfo\u001b[39m","message":"connected To do Mongo Db","timestamp":"2022-08-17T09:01:16.335Z"}
{"api":"NODE SERVER","label":"uygulama V1","level":"\u001b[32minfo\u001b[39m","message":"connected To do Mongo Db","timestamp":"2022-08-17T09:01:25.882Z"}
{"api":"NODE SERVER","label":"uygulama V1","level":"\u001b[32minfo\u001b[39m","message":"connected To do Mongo Db","timestamp":"2022-08-17T09:01:40.522Z"}
{"api":"NODE SERVER","label":"uygulama V1","level":"\u001b[32minfo\u001b[39m","message":"connected To do Mongo Db","timestamp":"2022-08-17T09:02:08.731Z"}
{"api":"NODE SERVER","label":"uygulama V1","level":"\u001b[32minfo\u001b[39m","message":"connected To do Mongo Db","timestamp":"2022-08-17T09:02:36.190Z"}
{"api":"NODE SERVER","label":"uygulama V1","level":"\u001b[32minfo\u001b[39m","message":"connected To do Mongo Db","timestamp":"2022-08-17T09:03:28.947Z"}
{"api":"NODE SERVER","label":"uygulama V1","level":"\u001b[32minfo\u001b[39m","message":"connected To do Mongo Db","timestamp":"2022-08-17T09:03:50.776Z"}
{"api":"NODE SERVER","label":"uygulama V1","level":"\u001b[32minfo\u001b[39m","message":"connected To do Mongo Db","timestamp":"2022-08-17T09:04:01.954Z"}
{"api":"NODE SERVER","label":"uygulama V1","level":"\u001b[32minfo\u001b[39m","message":"\n        IP Adresi : ::1 - \n        PATH: /api/v1/person/signIn - \n        BODY : {\"email\":\"test@gmail.com\",\"password\":\"12345678910\"} - \n        PARAMS : {} - \n        QUERY: {} -\n        MIDDLEWARE ACCESS TIME : 1660727069042 - \n        URL : /api/v1/person/signIn\n        ","timestamp":"2022-08-17T09:04:29.042Z"}
{"api":"NODE SERVER","label":"uygulama V1","level":"\u001b[31merror\u001b[39m","message":"\n        IP Adresi : ::1 - \n        PATH: /signIn - \n        BODY : {\"email\":\"test@gmail.com\",\"password\":\"12345678910\"} - \n        PARAMS : {} - \n        QUERY: {} -\n        ERROR TIME : 1660727069213 - \n        URL : /signIn - \n        ERROR MESSAGE : ReferenceError: token is not defined -\n        ERROR CALLSTACK : {} -\n        CUSTOM INFO : undefined\n        ","timestamp":"2022-08-17T09:04:29.213Z"}
{"api":"NODE SERVER","label":"uygulama V1","level":"\u001b[32minfo\u001b[39m","message":"connected To do Mongo Db","timestamp":"2022-08-17T09:04:51.926Z"}
{"api":"NODE SERVER","label":"uygulama V1","level":"\u001b[32minfo\u001b[39m","message":"\n        IP Adresi : ::1 - \n        PATH: /api/v1/person/signIn - \n        BODY : {\"email\":\"test@gmail.com\",\"password\":\"12345678910\"} - \n        PARAMS : {} - \n        QUERY: {} -\n        MIDDLEWARE ACCESS TIME : 1660727092961 - \n        URL : /api/v1/person/signIn\n        ","timestamp":"2022-08-17T09:04:52.961Z"}
{"api":"NODE SERVER","label":"uygulama V1","level":"\u001b[32minfo\u001b[39m","message":"\n        IP Adresi : ::1 - \n        PATH: /api/v1/person/all - \n        BODY : {\"email\":\"test@gmail.com\",\"password\":\"12345678910\"} - \n        PARAMS : {} - \n        QUERY: {} -\n        MIDDLEWARE ACCESS TIME : 1660727121762 - \n        URL : /api/v1/person/all\n        ","timestamp":"2022-08-17T09:05:21.762Z"}
{"api":"NODE SERVER","label":"uygulama V1","level":"\u001b[32minfo\u001b[39m","message":"\n        IP Adresi : ::1 - \n        PATH: /api/v1/person/all - \n        BODY : {\"email\":\"test@gmail.com\",\"password\":\"12345678910\"} - \n        PARAMS : {} - \n        QUERY: {} -\n        MIDDLEWARE ACCESS TIME : 1660727134216 - \n        URL : /api/v1/person/all\n        ","timestamp":"2022-08-17T09:05:34.216Z"}
{"api":"NODE SERVER","label":"uygulama V1","level":"\u001b[32minfo\u001b[39m","message":"\n        IP Adresi : ::1 - \n        PATH: /api/v1/person/all - \n        BODY : {\"email\":\"test@gmail.com\",\"password\":\"12345678910\"} - \n        PARAMS : {} - \n        QUERY: {} -\n        MIDDLEWARE ACCESS TIME : 1660727137310 - \n        URL : /api/v1/person/all\n        ","timestamp":"2022-08-17T09:05:37.310Z"}
{"api":"NODE SERVER","label":"uygulama V1","level":"\u001b[31merror\u001b[39m","message":"\n        IP Adresi : ::1 - \n        PATH: /api/v1/person/all - \n        BODY : {\"email\":\"test@gmail.com\",\"password\":\"12345678910\"} - \n        PARAMS : undefined - \n        QUERY: {} -\n        ERROR TIME : 1660727137621 - \n        URL : /api/v1/person/all - \n        ERROR MESSAGE : Cannot set headers after they are sent to the client -\n        ERROR CALLSTACK : {\"code\":\"ERR_HTTP_HEADERS_SENT\"} -\n        CUSTOM INFO : undefined\n        ","timestamp":"2022-08-17T09:05:37.621Z"}
{"api":"NODE SERVER","label":"uygulama V1","level":"\u001b[32minfo\u001b[39m","message":"connected To do Mongo Db","timestamp":"2022-08-17T09:06:51.047Z"}
{"api":"NODE SERVER","label":"uygulama V1","level":"\u001b[32minfo\u001b[39m","message":"\n        IP Adresi : ::1 - \n        PATH: /api/v1/person/all - \n        BODY : {\"email\":\"test@gmail.com\",\"password\":\"12345678910\"} - \n        PARAMS : {} - \n        QUERY: {} -\n        MIDDLEWARE ACCESS TIME : 1660727212070 - \n        URL : /api/v1/person/all\n        ","timestamp":"2022-08-17T09:06:52.070Z"}
{"api":"NODE SERVER","label":"uygulama V1","level":"\u001b[32minfo\u001b[39m","message":"\n        IP Adresi : ::1 - \n        PATH: /api/v1/person/all - \n        BODY : {\"email\":\"test@gmail.com\",\"password\":\"12345678910\"} - \n        PARAMS : {} - \n        QUERY: {} -\n        MIDDLEWARE ACCESS TIME : 1660727229860 - \n        URL : /api/v1/person/all\n        ","timestamp":"2022-08-17T09:07:09.860Z"}
{"api":"NODE SERVER","label":"uygulama V1","level":"\u001b[32minfo\u001b[39m","message":"\n        IP Adresi : ::1 - \n        PATH: /api/v1/person/all - \n        BODY : {\"email\":\"test@gmail.com\",\"password\":\"12345678910\"} - \n        PARAMS : {} - \n        QUERY: {} -\n        MIDDLEWARE ACCESS TIME : 1660727234785 - \n        URL : /api/v1/person/all\n        ","timestamp":"2022-08-17T09:07:14.785Z"}
{"api":"NODE SERVER","label":"uygulama V1","level":"\u001b[32minfo\u001b[39m","message":"connected To do Mongo Db","timestamp":"2022-08-17T09:08:02.414Z"}
{"api":"NODE SERVER","label":"uygulama V1","level":"\u001b[32minfo\u001b[39m","message":"\n        IP Adresi : ::1 - \n        PATH: /api/v1/person/all - \n        BODY : {\"email\":\"test@gmail.com\",\"password\":\"12345678910\"} - \n        PARAMS : {} - \n        QUERY: {} -\n        MIDDLEWARE ACCESS TIME : 1660727283584 - \n        URL : /api/v1/person/all\n        ","timestamp":"2022-08-17T09:08:03.584Z"}
{"api":"NODE SERVER","label":"uygulama V1","level":"\u001b[32minfo\u001b[39m","message":"\n        IP Adresi : ::1 - \n        PATH: /api/v1/person/all - \n        BODY : {\"email\":\"test@gmail.com\",\"password\":\"12345678910\"} - \n        PARAMS : {} - \n        QUERY: {} -\n        MIDDLEWARE ACCESS TIME : 1660727285665 - \n        URL : /api/v1/person/all\n        ","timestamp":"2022-08-17T09:08:05.665Z"}
{"api":"NODE SERVER","label":"uygulama V1","level":"\u001b[32minfo\u001b[39m","message":"\n        IP Adresi : ::1 - \n        PATH: /api/v1/person/all - \n        BODY : {\"email\":\"test@gmail.com\",\"password\":\"12345678910\"} - \n        PARAMS : {} - \n        QUERY: {} -\n        MIDDLEWARE ACCESS TIME : 1660727288436 - \n        URL : /api/v1/person/all\n        ","timestamp":"2022-08-17T09:08:08.436Z"}
{"api":"NODE SERVER","label":"uygulama V1","level":"\u001b[32minfo\u001b[39m","message":"\n        IP Adresi : ::1 - \n        PATH: /api/v1/person/all - \n        BODY : {\"email\":\"test@gmail.com\",\"password\":\"12345678910\"} - \n        PARAMS : {} - \n        QUERY: {} -\n        MIDDLEWARE ACCESS TIME : 1660727294437 - \n        URL : /api/v1/person/all\n        ","timestamp":"2022-08-17T09:08:14.437Z"}
